<?xml version="1.0" encoding="UTF-8"?>
<testng-results skipped="0" failed="0" ignored="0" total="2" passed="2">
  <reporter-output>
  </reporter-output>
  <suite name="Command line suite" duration-ms="34706" started-at="2020-10-28T01:21:40Z" finished-at="2020-10-28T01:22:15Z">
    <groups>
    </groups>
    <test name="Command line test" duration-ms="34706" started-at="2020-10-28T01:21:40Z" finished-at="2020-10-28T01:22:15Z">
      <class name="test.AddCustomerTest">
        <test-method status="PASS" signature="validUserShouldBeAbleToAddCustomer()[pri:0, instance:test.AddCustomerTest@7ee955a8]" name="validUserShouldBeAbleToAddCustomer" duration-ms="25294" started-at="2020-10-28T01:21:40Z" finished-at="2020-10-28T01:22:05Z">
          <reporter-output>
          </reporter-output>
        </test-method> <!-- validUserShouldBeAbleToAddCustomer -->
      </class> <!-- test.AddCustomerTest -->
      <class name="test.LoginTest">
        <test-method status="PASS" signature="validUserShouldBeAbleToLogin()[pri:0, instance:test.LoginTest@1677d1]" name="validUserShouldBeAbleToLogin" duration-ms="9386" started-at="2020-10-28T01:22:05Z" finished-at="2020-10-28T01:22:15Z">
          <reporter-output>
          </reporter-output>
        </test-method> <!-- validUserShouldBeAbleToLogin -->
      </class> <!-- test.LoginTest -->
    </test> <!-- Command line test -->
  </suite> <!-- Command line suite -->
</testng-results>
