<?xml version="1.0" encoding="UTF-8"?>
<testng-results skipped="0" failed="0" ignored="0" total="1" passed="1">
  <reporter-output>
  </reporter-output>
  <suite name="Default suite" duration-ms="24926" started-at="2020-10-28T01:12:27Z" finished-at="2020-10-28T01:12:52Z">
    <groups>
    </groups>
    <test name="Default test" duration-ms="24926" started-at="2020-10-28T01:12:27Z" finished-at="2020-10-28T01:12:52Z">
      <class name="test.AddCustomerTest">
        <test-method status="PASS" signature="validUserShouldBeAbleToAddCustomer()[pri:0, instance:test.AddCustomerTest@1ab3a8c8]" name="validUserShouldBeAbleToAddCustomer" duration-ms="24885" started-at="2020-10-28T01:12:27Z" finished-at="2020-10-28T01:12:52Z">
          <reporter-output>
          </reporter-output>
        </test-method> <!-- validUserShouldBeAbleToAddCustomer -->
      </class> <!-- test.AddCustomerTest -->
    </test> <!-- Default test -->
  </suite> <!-- Default suite -->
</testng-results>
